IntentResolution/app/build/outputs/logs/manifest-merger-debug-report.txt
-- Merging decision tree log ---
manifest
ADDED from src\main\AndroidManifest.xml:2:1-30:12
	package
		ADDED from src\main\AndroidManifest.xml:2:70-96
		INJECTED from src\main\AndroidManifest.xml
		INJECTED from src\main\AndroidManifest.xml
	android:versionName
		ADDED from src\main\AndroidManifest.xml:2:121-146
		INJECTED from src\main\AndroidManifest.xml
		INJECTED from src\main\AndroidManifest.xml
	android:versionCode
		ADDED from src\main\AndroidManifest.xml:2:97-120
		INJECTED from src\main\AndroidManifest.xml
		INJECTED from src\main\AndroidManifest.xml
	xmlns:android
		ADDED from src\main\AndroidManifest.xml:2:11-69
uses-sdk
ADDED from src\main\AndroidManifest.xml:3:5-52
	android:targetSdkVersion
		INJECTED from src\main\AndroidManifest.xml
		INJECTED from src\main\AndroidManifest.xml
	android:minSdkVersion
		ADDED from src\main\AndroidManifest.xml:3:15-40
		INJECTED from src\main\AndroidManifest.xml
		INJECTED from src\main\AndroidManifest.xml
application
ADDED from src\main\AndroidManifest.xml:4:5-29:19
	android:label
		ADDED from src\main\AndroidManifest.xml:4:18-50
activity#com.niit.android.IntentSampleActivity
ADDED from src\main\AndroidManifest.xml:5:5-10:16
	android:label
		ADDED from src\main\AndroidManifest.xml:5:52-84
	android:name
		ADDED from src\main\AndroidManifest.xml:5:15-51
intent-filter#android.intent.action.MAIN+android.intent.category.LAUNCHER
ADDED from src\main\AndroidManifest.xml:6:5-9:21
action#android.intent.action.MAIN
ADDED from src\main\AndroidManifest.xml:7:9-68
	android:name
		ADDED from src\main\AndroidManifest.xml:7:17-58
category#android.intent.category.LAUNCHER
ADDED from src\main\AndroidManifest.xml:8:9-78
	android:name
		ADDED from src\main\AndroidManifest.xml:8:19-66
activity#com.niit.android.TimeActivity
ADDED from src\main\AndroidManifest.xml:11:5-16:16
	android:name
		ADDED from src\main\AndroidManifest.xml:11:15-42
intent-filter#android.intent.category.DEFAULT+com.niit.android.intent.action.showtime
ADDED from src\main\AndroidManifest.xml:12:5-15:21
action#com.niit.android.intent.action.showtime
ADDED from src\main\AndroidManifest.xml:13:9-81
	android:name
		ADDED from src\main\AndroidManifest.xml:13:17-71
category#android.intent.category.DEFAULT
ADDED from src\main\AndroidManifest.xml:14:9-77
	android:name
		ADDED from src\main\AndroidManifest.xml:14:19-65
activity#com.niit.android.DateActivityOne
ADDED from src\main\AndroidManifest.xml:17:5-22:16
	android:label
		ADDED from src\main\AndroidManifest.xml:17:46-72
	android:name
		ADDED from src\main\AndroidManifest.xml:17:15-45
intent-filter#android.intent.category.DEFAULT+com.niit.android.intent.action.showdate
ADDED from src\main\AndroidManifest.xml:18:5-21:21
action#com.niit.android.intent.action.showdate
ADDED from src\main\AndroidManifest.xml:19:9-81
	android:name
		ADDED from src\main\AndroidManifest.xml:19:17-71
activity#com.niit.android.DateActivityTwo
ADDED from src\main\AndroidManifest.xml:23:5-28:16
	android:label
		ADDED from src\main\AndroidManifest.xml:23:46-75
	android:name
		ADDED from src\main\AndroidManifest.xml:23:15-45